<?xml version="1.0" encoding="UTF-8"?>
<testng-results skipped="0" failed="0" ignored="0" total="1" passed="1">
  <reporter-output>
  </reporter-output>
  <suite name="Suite" duration-ms="82" started-at="2018-12-17T09:19:52Z" finished-at="2018-12-17T09:19:53Z">
    <groups>
    </groups>
    <test name="Test" duration-ms="82" started-at="2018-12-17T09:19:52Z" finished-at="2018-12-17T09:19:53Z">
      <class name="SampleClass">
        <test-method status="PASS" signature="sampleTestCase()[pri:0, instance:SampleClass@396a51ab]" name="sampleTestCase" duration-ms="16" started-at="2018-12-17T09:19:53Z" finished-at="2018-12-17T09:19:53Z">
          <reporter-output>
          </reporter-output>
        </test-method> <!-- sampleTestCase -->
      </class> <!-- SampleClass -->
    </test> <!-- Test -->
  </suite> <!-- Suite -->
</testng-results>
